<?xml version="1.0" encoding="UTF-8"?>
<!-- Generated by org.testng.reporters.JUnitReportReporter -->
<testsuite hostname="LAPTOP-KG4G2VU7" failures="0" tests="1" name="Project1.Tc10VerifySubscriptionHomePage" time="0.392" errors="0" timestamp="2023-12-24T22:38:42 IST" skipped="0">
  <testcase classname="Project1.Tc10VerifySubscriptionHomePage" name="SearchPage" time="0.392"/>
</testsuite> <!-- Project1.Tc10VerifySubscriptionHomePage -->
