<?xml version="1.0" encoding="UTF-8"?>
<!-- Generated by org.testng.reporters.JUnitReportReporter -->
<testsuite hostname="LAPTOP-KG4G2VU7" failures="0" tests="1" name="Project1.Tc12AddProductsInCart" time="11.115" errors="0" timestamp="2024-01-04T15:10:48 IST" skipped="0">
  <testcase classname="Project1.Tc12AddProductsInCart" name="SearchPage" time="11.115"/>
</testsuite> <!-- Project1.Tc12AddProductsInCart -->
