<?xml version="1.0" encoding="UTF-8"?>
<!-- Generated by org.testng.reporters.JUnitReportReporter -->
<testsuite hostname="LAPTOP-KG4G2VU7" failures="0" tests="1" name="Project1.Tc13VerifyProductQuantityInCart" time="6.395" errors="0" timestamp="2023-12-27T21:05:23 IST" skipped="0">
  <testcase classname="Project1.Tc13VerifyProductQuantityInCart" name="productPage" time="6.395"/>
</testsuite> <!-- Project1.Tc13VerifyProductQuantityInCart -->
