<?xml version="1.0" encoding="UTF-8"?>
<!-- Generated by org.testng.reporters.JUnitReportReporter -->
<testsuite hostname="LAPTOP-KG4G2VU7" failures="0" tests="1" name="PracticeOFSacheendraLecture.trailOne" time="18.803" errors="0" timestamp="2023-12-29T14:38:33 IST" skipped="0">
  <testcase classname="PracticeOFSacheendraLecture.trailOne" name="AddProductsInCart" time="18.803"/>
</testsuite> <!-- PracticeOFSacheendraLecture.trailOne -->
