<?xml version="1.0" encoding="UTF-8"?>
<!-- Generated by org.testng.reporters.JUnitReportReporter -->
<testsuite hostname="LAPTOP-KG4G2VU7" failures="0" tests="1" name="Project1.Tc4LogoutUser" time="11.226" errors="0" timestamp="2024-01-04T23:36:15 IST" skipped="0">
  <testcase classname="Project1.Tc4LogoutUser" name="LogoutUserTest" time="11.226"/>
</testsuite> <!-- Project1.Tc4LogoutUser -->
