<?xml version="1.0" encoding="UTF-8"?>
<!-- Generated by org.testng.reporters.JUnitReportReporter -->
<testsuite hostname="LAPTOP-KG4G2VU7" failures="0" tests="1" name="Project1.Tc16PlaceOrderLoginBeforeCheckout" time="17.434" errors="0" timestamp="2024-01-04T22:18:25 IST" skipped="0">
  <testcase classname="Project1.Tc16PlaceOrderLoginBeforeCheckout" name="LoginUserTest" time="17.434"/>
</testsuite> <!-- Project1.Tc16PlaceOrderLoginBeforeCheckout -->
