<?xml version="1.0" encoding="UTF-8"?>
<!-- Generated by org.testng.reporters.JUnitReportReporter -->
<testsuite hostname="LAPTOP-KG4G2VU7" failures="0" tests="1" name="Project1.Tc12AddProductsInCart" time="13.644" errors="0" timestamp="2023-12-29T14:12:32 IST" skipped="0">
  <testcase classname="Project1.Tc12AddProductsInCart" name="SearchPage" time="13.644"/>
</testsuite> <!-- Project1.Tc12AddProductsInCart -->
