<?xml version="1.0" encoding="UTF-8"?>
<!-- Generated by org.testng.reporters.JUnitReportReporter -->
<testsuite hostname="LAPTOP-KG4G2VU7" failures="0" tests="1" name="Project1.Tc21AddReviewOnProduct" time="4.069" errors="0" timestamp="2024-01-04T23:16:15 IST" skipped="0">
  <testcase classname="Project1.Tc21AddReviewOnProduct" name="SearchPage" time="4.069"/>
</testsuite> <!-- Project1.Tc21AddReviewOnProduct -->
