<?xml version="1.0" encoding="UTF-8"?>
<!-- Generated by org.testng.reporters.JUnitReportReporter -->
<testsuite hostname="LAPTOP-KG4G2VU7" failures="0" tests="1" name="Project1.Tc17RemoveProductsFromCart" time="2.303" errors="0" timestamp="2024-01-05T16:14:44 IST" skipped="0">
  <testcase classname="Project1.Tc17RemoveProductsFromCart" name="SearchPage" time="2.303"/>
</testsuite> <!-- Project1.Tc17RemoveProductsFromCart -->
