<?xml version="1.0" encoding="UTF-8"?>
<!-- Generated by org.testng.reporters.JUnitReportReporter -->
<testsuite hostname="LAPTOP-KG4G2VU7" failures="0" tests="1" name="Project1.Tc21AddReviewOnProduct" time="5.863" errors="0" timestamp="2023-12-28T22:28:17 IST" skipped="0">
  <testcase classname="Project1.Tc21AddReviewOnProduct" name="SearchPage" time="5.863"/>
</testsuite> <!-- Project1.Tc21AddReviewOnProduct -->
