<?xml version="1.0" encoding="UTF-8"?>
<!-- Generated by org.testng.reporters.JUnitReportReporter -->
<testsuite hostname="LAPTOP-KG4G2VU7" failures="0" tests="1" name="Project1.Tc8VerifyAllProductsAndProductDetailPage" time="4.039" errors="0" timestamp="2024-01-04T23:23:04 IST" skipped="0">
  <testcase classname="Project1.Tc8VerifyAllProductsAndProductDetailPage" name="productPage" time="4.039"/>
</testsuite> <!-- Project1.Tc8VerifyAllProductsAndProductDetailPage -->
