<?xml version="1.0" encoding="UTF-8"?>
<!-- Generated by org.testng.reporters.JUnitReportReporter -->
<testsuite hostname="LAPTOP-KG4G2VU7" failures="0" tests="1" name="Project1.Tc8VerifyAllProductsAndProductDetailPage" time="6.859" errors="0" timestamp="2023-12-24T22:20:35 IST" skipped="0">
  <testcase classname="Project1.Tc8VerifyAllProductsAndProductDetailPage" name="productPage" time="6.859"/>
</testsuite> <!-- Project1.Tc8VerifyAllProductsAndProductDetailPage -->
