<?xml version="1.0" encoding="UTF-8"?>
<!-- Generated by org.testng.reporters.JUnitReportReporter -->
<testsuite hostname="LAPTOP-KG4G2VU7" failures="0" tests="1" name="Project1.Tc13VerifyProductQuantityInCart" time="9.823" errors="0" timestamp="2024-01-04T15:18:42 IST" skipped="0">
  <testcase classname="Project1.Tc13VerifyProductQuantityInCart" name="CartPage" time="9.823"/>
</testsuite> <!-- Project1.Tc13VerifyProductQuantityInCart -->
