<?xml version="1.0" encoding="UTF-8"?>
<!-- Generated by org.testng.reporters.JUnitReportReporter -->
<testsuite hostname="LAPTOP-KG4G2VU7" failures="0" tests="1" name="Project1.Tc4LogoutUser" time="8.556" errors="0" timestamp="2023-12-22T18:36:08 IST" skipped="0">
  <testcase classname="Project1.Tc4LogoutUser" name="LoginUserTest" time="8.556"/>
</testsuite> <!-- Project1.Tc4LogoutUser -->
