<?xml version="1.0" encoding="UTF-8"?>
<!-- Generated by org.testng.reporters.JUnitReportReporter -->
<testsuite hostname="LAPTOP-KG4G2VU7" failures="0" tests="1" name="Project1.Tc17RemoveProductsFromCart" time="1.669" errors="0" timestamp="2023-12-28T16:12:17 IST" skipped="0">
  <testcase classname="Project1.Tc17RemoveProductsFromCart" name="SearchPage" time="1.669"/>
</testsuite> <!-- Project1.Tc17RemoveProductsFromCart -->
