<?xml version="1.0" encoding="UTF-8"?>
<!-- Generated by org.testng.reporters.JUnitReportReporter -->
<testsuite hostname="LAPTOP-KG4G2VU7" failures="0" tests="1" name="Project1.Tc2LoginUserWithValidData" time="13.348" errors="0" timestamp="2023-12-22T18:23:44 IST" skipped="0">
  <testcase classname="Project1.Tc2LoginUserWithValidData" name="LoginUserTest" time="13.348"/>
</testsuite> <!-- Project1.Tc2LoginUserWithValidData -->
