<?xml version="1.0" encoding="UTF-8"?>
<!-- Generated by org.testng.reporters.JUnitReportReporter -->
<testsuite hostname="LAPTOP-KG4G2VU7" failures="0" tests="1" name="Project1.Tc18ViewCategoryPreoducts" time="4.458" errors="0" timestamp="2023-12-29T14:39:29 IST" skipped="0">
  <testcase classname="Project1.Tc18ViewCategoryPreoducts" name="CategoryProduct" time="4.458"/>
</testsuite> <!-- Project1.Tc18ViewCategoryPreoducts -->
