<?xml version="1.0" encoding="UTF-8"?>
<!-- Generated by org.testng.reporters.JUnitReportReporter -->
<testsuite hostname="LAPTOP-KG4G2VU7" failures="0" tests="1" name="Project1.Tc3LoginUserWithInvalidData" time="7.038" errors="0" timestamp="2023-12-22T16:56:19 IST" skipped="0">
  <testcase classname="Project1.Tc3LoginUserWithInvalidData" name="LoginUserTest" time="7.038"/>
</testsuite> <!-- Project1.Tc3LoginUserWithInvalidData -->
