<?xml version="1.0" encoding="UTF-8"?>
<!-- Generated by org.testng.reporters.JUnitReportReporter -->
<testsuite hostname="LAPTOP-KG4G2VU7" failures="0" tests="1" name="Project1.Tc20SearchProductsandVerifyCartAfterLogin" time="13.326" errors="0" timestamp="2023-12-28T21:52:36 IST" skipped="0">
  <testcase classname="Project1.Tc20SearchProductsandVerifyCartAfterLogin" name="SearchPage" time="13.326"/>
</testsuite> <!-- Project1.Tc20SearchProductsandVerifyCartAfterLogin -->
