<?xml version="1.0" encoding="UTF-8"?>
<!-- Generated by org.testng.reporters.JUnitReportReporter -->
<testsuite hostname="LAPTOP-KG4G2VU7" failures="0" tests="1" name="Project1.Registration_page" time="16.041" errors="0" timestamp="2023-12-22T16:11:40 IST" skipped="0">
  <testcase classname="Project1.Registration_page" name="registerUserTest" time="16.041"/>
</testsuite> <!-- Project1.Registration_page -->
