<?xml version="1.0" encoding="UTF-8"?>
<!-- Generated by org.testng.reporters.JUnitReportReporter -->
<testsuite hostname="LAPTOP-KG4G2VU7" failures="0" tests="1" name="Project1.Tc14PlaceOrderRegisterWhileCheckOut" time="28.239" errors="0" timestamp="2024-01-04T22:10:05 IST" skipped="0">
  <testcase classname="Project1.Tc14PlaceOrderRegisterWhileCheckOut" name="PlaceOrder" time="28.239"/>
</testsuite> <!-- Project1.Tc14PlaceOrderRegisterWhileCheckOut -->
