<?xml version="1.0" encoding="UTF-8"?>
<!-- Generated by org.testng.reporters.JUnitReportReporter -->
<testsuite hostname="LAPTOP-KG4G2VU7" failures="0" tests="1" name="Project1.Tc10VerifySubscriptionHomePage" time="0.785" errors="0" timestamp="2024-01-05T16:14:16 IST" skipped="0">
  <testcase classname="Project1.Tc10VerifySubscriptionHomePage" name="Subscription_Home_pg" time="0.785"/>
</testsuite> <!-- Project1.Tc10VerifySubscriptionHomePage -->
