<?xml version="1.0" encoding="UTF-8"?>
<!-- Generated by org.testng.reporters.JUnitReportReporter -->
<testsuite hostname="LAPTOP-KG4G2VU7" failures="0" tests="1" name="Project1.Tc19ViewCartBrandProducts" time="6.499" errors="0" timestamp="2023-12-28T17:45:47 IST" skipped="0">
  <testcase classname="Project1.Tc19ViewCartBrandProducts" name="CartBrand" time="6.499"/>
</testsuite> <!-- Project1.Tc19ViewCartBrandProducts -->
