<?xml version="1.0" encoding="UTF-8"?>
<!-- Generated by org.testng.reporters.JUnitReportReporter -->
<testsuite hostname="LAPTOP-KG4G2VU7" failures="0" tests="1" name="Project1.Tc7VerifyTestCasePage" time="9.640" errors="0" timestamp="2024-01-04T23:19:36 IST" skipped="0">
  <testcase classname="Project1.Tc7VerifyTestCasePage" name="TCpage" time="9.640"/>
</testsuite> <!-- Project1.Tc7VerifyTestCasePage -->
