<?xml version="1.0" encoding="UTF-8"?>
<!-- Generated by org.testng.reporters.JUnitReportReporter -->
<testsuite hostname="LAPTOP-KG4G2VU7" failures="0" tests="1" name="Project1.Tc11VerifySubscriptionCartPg" time="0.929" errors="0" timestamp="2023-12-27T16:34:46 IST" skipped="0">
  <testcase classname="Project1.Tc11VerifySubscriptionCartPg" name="SearchPage" time="0.929"/>
</testsuite> <!-- Project1.Tc11VerifySubscriptionCartPg -->
