<?xml version="1.0" encoding="UTF-8"?>
<!-- Generated by org.testng.reporters.JUnitReportReporter -->
<testsuite hostname="LAPTOP-KG4G2VU7" failures="0" tests="1" name="Project1.Tc7VerifyTestCasePage" time="8.709" errors="0" timestamp="2023-12-24T16:15:15 IST" skipped="0">
  <testcase classname="Project1.Tc7VerifyTestCasePage" name="TCpage" time="8.709"/>
</testsuite> <!-- Project1.Tc7VerifyTestCasePage -->
