<?xml version="1.0" encoding="UTF-8"?>
<!-- Generated by org.testng.reporters.JUnitReportReporter -->
<testsuite hostname="LAPTOP-KG4G2VU7" failures="0" tests="1" name="Project1.Tc15PlaceOrderRegisterBeforeCheckout" time="28.936" errors="0" timestamp="2023-12-28T15:38:02 IST" skipped="0">
  <testcase classname="Project1.Tc15PlaceOrderRegisterBeforeCheckout" name="registerUserTest" time="28.936"/>
</testsuite> <!-- Project1.Tc15PlaceOrderRegisterBeforeCheckout -->
